# JRE version: Java(TM) SE Runtime Environment 18.9 (11.0.11+9) (build 11.0.11+9-LTS-194)
# Java VM: Java HotSpot(TM) 64-Bit Server VM 18.9 (11.0.11+9-LTS-194, mixed mode, tiered, compressed oops, g1 gc, windows-amd64)
Heap:
 garbage-first heap   total 65536K, used 13292K [0x00000000c0e00000, 0x0000000100000000)
  region size 1024K, 8 young (8192K), 3 survivors (3072K)
 Metaspace       used 19556K, capacity 19928K, committed 19968K, reserved 1067008K
  class space    used 2133K, capacity 2290K, committed 2304K, reserved 1048576K
GC Heap History (6 events):
Event: 3.066 GC heap before
{Heap before GC invocations=0 (full 0):
 garbage-first heap   total 65536K, used 15360K [0x00000000c0e00000, 0x0000000100000000)
  region size 1024K, 14 young (14336K), 0 survivors (0K)
 Metaspace       used 10080K, capacity 10260K, committed 10368K, reserved 1058816K
  class space    used 982K, capacity 1058K, committed 1152K, reserved 1048576K
}
Event: 3.073 GC heap after
{Heap after GC invocations=1 (full 0):
 garbage-first heap   total 65536K, used 6194K [0x00000000c0e00000, 0x0000000100000000)
  region size 1024K, 2 young (2048K), 2 survivors (2048K)
 Metaspace       used 10080K, capacity 10260K, committed 10368K, reserved 1058816K
  class space    used 982K, capacity 1058K, committed 1152K, reserved 1048576K
}
Event: 3.637 GC heap before
{Heap before GC invocations=1 (full 0):
 garbage-first heap   total 65536K, used 16434K [0x00000000c0e00000, 0x0000000100000000)
  region size 1024K, 12 young (12288K), 2 survivors (2048K)
 Metaspace       used 12131K, capacity 12291K, committed 12416K, reserved 1060864K
  class space    used 1232K, capacity 1310K, committed 1408K, reserved 1048576K
}
Event: 3.643 GC heap after
{Heap after GC invocations=2 (full 0):
 garbage-first heap   total 65536K, used 7135K [0x00000000c0e00000, 0x0000000100000000)
  region size 1024K, 1 young (1024K), 1 survivors (1024K)
 Metaspace       used 12131K, capacity 12291K, committed 12416K, reserved 1060864K
  class space    used 1232K, capacity 1310K, committed 1408K, reserved 1048576K
}
Event: 6.427 GC heap before
{Heap before GC invocations=2 (full 0):
 garbage-first heap   total 65536K, used 29663K [0x00000000c0e00000, 0x0000000100000000)
  region size 1024K, 23 young (23552K), 1 survivors (1024K)
 Metaspace       used 18353K, capacity 18720K, committed 18816K, reserved 1067008K
  class space    used 1983K, capacity 2117K, committed 2176K, reserved 1048576K
}
Event: 6.439 GC heap after
{Heap after GC invocations=3 (full 0):
 garbage-first heap   total 65536K, used 9196K [0x00000000c0e00000, 0x0000000100000000)
  region size 1024K, 3 young (3072K), 3 survivors (3072K)
 Metaspace       used 18353K, capacity 18720K, committed 18816K, reserved 1067008K
  class space    used 1983K, capacity 2117K, committed 2176K, reserved 1048576K
}

